<?xml version="1.0" encoding="UTF-8"?>
<!-- Generated by org.testng.reporters.JUnitXMLReporter -->
<testsuite ignored="0" hostname="imgprasad" failures="3" tests="4" name="PetTest" time="9.256" errors="0" timestamp="2024-05-29T12:13:15 CEST">
  <testcase classname="api.test.UserTests" name="testCreateAUser" time="4.454"/>
  <testcase classname="api.test.UserTests" name="testGetAUserByName" time="0.747">
    <failure type="java.lang.AssertionError" message="expected [200] but found [404]">
      <![CDATA[java.lang.AssertionError: expected [200] but found [404]
at api.test.UserTests.testGetAUserByName(UserTests.java:55)
at java.base/java.util.ArrayList.forEach(ArrayList.java:1511)
... Removed 32 stack frames]]>
    </failure>
  </testcase> <!-- testGetAUserByName -->
  <testcase classname="api.test.UserTests" name="testUpdateAUser" time="1.291">
    <failure type="java.lang.AssertionError" message="expected [200] but found [404]">
      <![CDATA[java.lang.AssertionError: expected [200] but found [404]
at api.test.UserTests.testUpdateAUser(UserTests.java:80)
at java.base/java.util.ArrayList.forEach(ArrayList.java:1511)
... Removed 32 stack frames]]>
    </failure>
  </testcase> <!-- testUpdateAUser -->
  <testcase classname="api.test.UserTests" name="testDeleteAUser" time="0.63">
    <failure type="java.lang.AssertionError" message="expected [200] but found [404]">
      <![CDATA[java.lang.AssertionError: expected [200] but found [404]
at api.test.UserTests.testDeleteAUser(UserTests.java:92)
at java.base/java.util.ArrayList.forEach(ArrayList.java:1511)
... Removed 32 stack frames]]>
    </failure>
  </testcase> <!-- testDeleteAUser -->
</testsuite> <!-- PetTest -->
